flex version 2.5.37 usage statistics:
  scanner options: -dsvI8 -Cem -oyylex.cpp
  268/2000 NFA states
  104/1000 DFA states (548 words)
  48 rules
  Compressed tables always back-up
  1/40 start conditions
  153 epsilon states, 59 double epsilon states
  12/100 character classes needed 147/500 words of storage, 0 reused
  1628 state/nextstate pairs created
  269/1359 unique/duplicate transitions
  109/1000 base-def entries created
  181/2000 (peak 280) nxt-chk entries created
  20/2500 (peak 235) template nxt-chk entries created
  0 empty table entries
  5 protos created
  5 templates created, 66 uses
  47/256 equivalence classes created
  4/256 meta-equivalence classes created
  0 (1 saved) hash collisions, 168 DFAs equal
  0 sets of reallocations needed
  883 total table entries needed
